-------------------------------------------------------------------------------
Test set: com.abc.feedservice.TweetLikeControllerTest
-------------------------------------------------------------------------------
Tests run: 8, Failures: 0, Errors: 4, Skipped: 0, Time elapsed: 120.454 s <<< FAILURE! - in com.abc.feedservice.TweetLikeControllerTest
getLikesByUserIdTestSuccess(com.abc.feedservice.TweetLikeControllerTest)  Time elapsed: 30.013 s  <<< ERROR!
org.springframework.dao.DataAccessResourceFailureException: Timed out after 30000 ms while waiting to connect. Client view of cluster state is {type=UNKNOWN, servers=[{address=149.165.170.59:27017, type=UNKNOWN, state=CONNECTING, exception={com.mongodb.MongoSocketOpenException: Exception opening socket}, caused by {java.net.SocketTimeoutException: connect timed out}}]; nested exception is com.mongodb.MongoTimeoutException: Timed out after 30000 ms while waiting to connect. Client view of cluster state is {type=UNKNOWN, servers=[{address=149.165.170.59:27017, type=UNKNOWN, state=CONNECTING, exception={com.mongodb.MongoSocketOpenException: Exception opening socket}, caused by {java.net.SocketTimeoutException: connect timed out}}]
	at com.abc.feedservice.TweetLikeControllerTest.getLikesByUserIdTestSuccess(TweetLikeControllerTest.java:118)
Caused by: com.mongodb.MongoTimeoutException: Timed out after 30000 ms while waiting to connect. Client view of cluster state is {type=UNKNOWN, servers=[{address=149.165.170.59:27017, type=UNKNOWN, state=CONNECTING, exception={com.mongodb.MongoSocketOpenException: Exception opening socket}, caused by {java.net.SocketTimeoutException: connect timed out}}]
	at com.abc.feedservice.TweetLikeControllerTest.getLikesByUserIdTestSuccess(TweetLikeControllerTest.java:118)

getLikesByTweetIdTestSuccess(com.abc.feedservice.TweetLikeControllerTest)  Time elapsed: 30.01 s  <<< ERROR!
org.springframework.dao.DataAccessResourceFailureException: Timed out after 30000 ms while waiting to connect. Client view of cluster state is {type=UNKNOWN, servers=[{address=149.165.170.59:27017, type=UNKNOWN, state=CONNECTING, exception={com.mongodb.MongoSocketOpenException: Exception opening socket}, caused by {java.net.SocketTimeoutException: connect timed out}}]; nested exception is com.mongodb.MongoTimeoutException: Timed out after 30000 ms while waiting to connect. Client view of cluster state is {type=UNKNOWN, servers=[{address=149.165.170.59:27017, type=UNKNOWN, state=CONNECTING, exception={com.mongodb.MongoSocketOpenException: Exception opening socket}, caused by {java.net.SocketTimeoutException: connect timed out}}]
	at com.abc.feedservice.TweetLikeControllerTest.getLikesByTweetIdTestSuccess(TweetLikeControllerTest.java:147)
Caused by: com.mongodb.MongoTimeoutException: Timed out after 30000 ms while waiting to connect. Client view of cluster state is {type=UNKNOWN, servers=[{address=149.165.170.59:27017, type=UNKNOWN, state=CONNECTING, exception={com.mongodb.MongoSocketOpenException: Exception opening socket}, caused by {java.net.SocketTimeoutException: connect timed out}}]
	at com.abc.feedservice.TweetLikeControllerTest.getLikesByTweetIdTestSuccess(TweetLikeControllerTest.java:147)

unlikeTweetTestSuccess(com.abc.feedservice.TweetLikeControllerTest)  Time elapsed: 30.024 s  <<< ERROR!
org.springframework.dao.DataAccessResourceFailureException: Timed out after 30000 ms while waiting to connect. Client view of cluster state is {type=UNKNOWN, servers=[{address=149.165.170.59:27017, type=UNKNOWN, state=CONNECTING, exception={com.mongodb.MongoSocketOpenException: Exception opening socket}, caused by {java.net.SocketTimeoutException: connect timed out}}]; nested exception is com.mongodb.MongoTimeoutException: Timed out after 30000 ms while waiting to connect. Client view of cluster state is {type=UNKNOWN, servers=[{address=149.165.170.59:27017, type=UNKNOWN, state=CONNECTING, exception={com.mongodb.MongoSocketOpenException: Exception opening socket}, caused by {java.net.SocketTimeoutException: connect timed out}}]
	at com.abc.feedservice.TweetLikeControllerTest.unlikeTweetTestSuccess(TweetLikeControllerTest.java:87)
Caused by: com.mongodb.MongoTimeoutException: Timed out after 30000 ms while waiting to connect. Client view of cluster state is {type=UNKNOWN, servers=[{address=149.165.170.59:27017, type=UNKNOWN, state=CONNECTING, exception={com.mongodb.MongoSocketOpenException: Exception opening socket}, caused by {java.net.SocketTimeoutException: connect timed out}}]
	at com.abc.feedservice.TweetLikeControllerTest.unlikeTweetTestSuccess(TweetLikeControllerTest.java:87)

likeTweetTestSuccess(com.abc.feedservice.TweetLikeControllerTest)  Time elapsed: 30.013 s  <<< ERROR!
org.springframework.dao.DataAccessResourceFailureException: Timed out after 30000 ms while waiting to connect. Client view of cluster state is {type=UNKNOWN, servers=[{address=149.165.170.59:27017, type=UNKNOWN, state=CONNECTING, exception={com.mongodb.MongoSocketOpenException: Exception opening socket}, caused by {java.net.SocketTimeoutException: connect timed out}}]; nested exception is com.mongodb.MongoTimeoutException: Timed out after 30000 ms while waiting to connect. Client view of cluster state is {type=UNKNOWN, servers=[{address=149.165.170.59:27017, type=UNKNOWN, state=CONNECTING, exception={com.mongodb.MongoSocketOpenException: Exception opening socket}, caused by {java.net.SocketTimeoutException: connect timed out}}]
	at com.abc.feedservice.TweetLikeControllerTest.likeTweetTestSuccess(TweetLikeControllerTest.java:57)
Caused by: com.mongodb.MongoTimeoutException: Timed out after 30000 ms while waiting to connect. Client view of cluster state is {type=UNKNOWN, servers=[{address=149.165.170.59:27017, type=UNKNOWN, state=CONNECTING, exception={com.mongodb.MongoSocketOpenException: Exception opening socket}, caused by {java.net.SocketTimeoutException: connect timed out}}]
	at com.abc.feedservice.TweetLikeControllerTest.likeTweetTestSuccess(TweetLikeControllerTest.java:57)

